<?xml version="1.0" encoding="UTF-8"?>
<!-- Generated by org.testng.reporters.JUnitXMLReporter -->
<testsuite hostname="vijayp" name="Test" tests="62" failures="0" timestamp="1 Jan 2018 05:34:25 GMT" time="2086.576" errors="0">
  <testcase name="addceo" time="42.209" classname="HR.AddCEO"/>
  <testcase name="genoffltr" time="19.695" classname="HR.offerletter"/>
  <testcase name="genoffltr" time="19.826" classname="HR.offerletter"/>
  <testcase name="genoffltr" time="19.653" classname="HR.offerletter"/>
  <testcase name="genoffltr" time="19.925" classname="HR.offerletter"/>
  <testcase name="genoffltr" time="19.613" classname="HR.offerletter"/>
  <testcase name="genoffltr" time="19.671" classname="HR.offerletter"/>
  <testcase name="genoffltr" time="19.818" classname="HR.offerletter"/>
  <testcase name="genoffltr" time="19.84" classname="HR.offerletter"/>
  <testcase name="genoffltr" time="37.152" classname="HR.offerletter"/>
  <testcase name="genoffltr" time="19.619" classname="HR.offerletter"/>
  <testcase name="genoffltr" time="19.343" classname="HR.offerletter"/>
  <testcase name="genoffltr" time="19.658" classname="HR.offerletter"/>
  <testcase name="hres" time="40.262" classname="HR.AddEmp"/>
  <testcase name="hres" time="40.405" classname="HR.AddEmp"/>
  <testcase name="hres" time="40.985" classname="HR.AddEmp"/>
  <testcase name="hres" time="41.603" classname="HR.AddEmp"/>
  <testcase name="hres" time="41.581" classname="HR.AddEmp"/>
  <testcase name="hres" time="41.522" classname="HR.AddEmp"/>
  <testcase name="hres" time="69.259" classname="HR.AddEmp"/>
  <testcase name="hres" time="41.396" classname="HR.AddEmp"/>
  <testcase name="hres" time="40.642" classname="HR.AddEmp"/>
  <testcase name="hres" time="40.246" classname="HR.AddEmp"/>
  <testcase name="hres" time="40.242" classname="HR.AddEmp"/>
  <testcase name="hres" time="40.927" classname="HR.AddEmp"/>
  <testcase name="editemp" time="16.895" classname="HR.EditEmp"/>
  <testcase name="doLoginTest" time="13.546" classname="HR.MultLogin"/>
  <testcase name="doLoginTest" time="13.95" classname="HR.MultLogin"/>
  <testcase name="doLoginTest" time="14.484" classname="HR.MultLogin"/>
  <testcase name="doLoginTest" time="13.917" classname="HR.MultLogin"/>
  <testcase name="doLoginTest" time="13.538" classname="HR.MultLogin"/>
  <testcase name="doLoginTest" time="13.515" classname="HR.MultLogin"/>
  <testcase name="doLoginTest" time="13.534" classname="HR.MultLogin"/>
  <testcase name="doLoginTest" time="13.485" classname="HR.MultLogin"/>
  <testcase name="doLoginTest" time="13.968" classname="HR.MultLogin"/>
  <testcase name="doLoginTest" time="13.506" classname="HR.MultLogin"/>
  <testcase name="doLoginTest" time="13.314" classname="HR.MultLogin"/>
  <testcase name="doLoginTest" time="13.381" classname="HR.MultLogin"/>
  <testcase name="newcrrs" time="25.946" classname="Frontdesk.couriers"/>
  <testcase name="newcrrs" time="25.583" classname="Frontdesk.couriers"/>
  <testcase name="newcrrs" time="25.366" classname="Frontdesk.couriers"/>
  <testcase name="newcrrs" time="24.992" classname="Frontdesk.couriers"/>
  <testcase name="newledgr" time="16.622" classname="Accounts.NewLedger"/>
  <testcase name="newledgr" time="16.906" classname="Accounts.NewLedger"/>
  <testcase name="newledgr" time="17.285" classname="Accounts.NewLedger"/>
  <testcase name="newledgr" time="18.433" classname="Accounts.NewLedger"/>
  <testcase name="newledgr" time="16.523" classname="Accounts.NewLedger"/>
  <testcase name="updledg" time="41.582" classname="Accounts.UpdateLedger"/>
  <testcase name="accEntry" time="15.338" classname="Accounts.AccountEntry"/>
  <testcase name="accEntry" time="15.233" classname="Accounts.AccountEntry"/>
  <testcase name="accEntry" time="14.941" classname="Accounts.AccountEntry"/>
  <testcase name="accEntry" time="15.097" classname="Accounts.AccountEntry"/>
  <testcase name="accEntry" time="14.934" classname="Accounts.AccountEntry"/>
  <testcase name="accEntry" time="14.626" classname="Accounts.AccountEntry"/>
  <testcase name="NewVendor" time="26.758" classname="Purchase.Vendors"/>
  <testcase name="NewVendor" time="26.971" classname="Purchase.Vendors"/>
  <testcase name="NewVendor" time="26.951" classname="Purchase.Vendors"/>
  <testcase name="NewVendor" time="26.683" classname="Purchase.Vendors"/>
  <testcase name="newpartentry" time="19.72" classname="Purchase.PartEntry"/>
  <testcase name="newpartentry" time="20.044" classname="Purchase.PartEntry"/>
  <testcase name="newpartentry" time="19.626" classname="Purchase.PartEntry"/>
  <testcase name="newpartentry" time="60.499" classname="Purchase.PartEntry"/>
</testsuite> <!-- Test -->
