<?xml version="1.0" encoding="UTF-8"?>
<testsuite name="Test"
           tests="4"
           failures="0"
           errors="0"
           skipped="0"
           time="80.240">
  <properties />
  
  
            <testcase name="newpartentry" time="20.268" classname="Purchase.PartEntry" />
                <testcase name="newpartentry" time="19.969" classname="Purchase.PartEntry" />
                <testcase name="newpartentry" time="19.940" classname="Purchase.PartEntry" />
                <testcase name="newpartentry" time="20.063" classname="Purchase.PartEntry" />
      
</testsuite>
